<?xml version="1.0" encoding="UTF-8"?>
<testsuite name="com.password.store.server.rest.HTTPServerTest" tests="1" skipped="0" failures="0" errors="0" timestamp="2022-10-01T08:59:50" hostname="PRATYAYZL" time="0.033">
  <properties/>
  <testcase name="startServer()" classname="com.password.store.server.rest.HTTPServerTest" time="0.033"/>
  <system-out><![CDATA[java.nio.channels.UnresolvedAddressException
]]></system-out>
  <system-err><![CDATA[]]></system-err>
</testsuite>
