<?xml version="1.0" encoding="UTF-8"?>
<testsuite name="com.password.store.server.utils.ParserTest" tests="1" skipped="0" failures="0" errors="0" timestamp="2022-10-02T07:59:06" hostname="PRATYAYZL" time="0.093">
  <properties/>
  <testcase name="JSONparseTest()" classname="com.password.store.server.utils.ParserTest" time="0.093"/>
  <system-out><![CDATA[]]></system-out>
  <system-err><![CDATA[Oct 02, 2022 1:29:06 PM com.password.store.server.utils.ParserTest JSONparseTest
INFO: {"type":"Some String","message":"Hello"}
]]></system-err>
</testsuite>
