<?xml version="1.0" encoding="UTF-8"?>
<testsuite name="com.password.store.server.utils.SystemFileReaderTest" tests="1" skipped="0" failures="0" errors="0" timestamp="2022-10-01T20:18:41" hostname="PRATYAYZL" time="0.024">
  <properties/>
  <testcase name="readFile()" classname="com.password.store.server.utils.SystemFileReaderTest" time="0.024"/>
  <system-out><![CDATA[File retrieved hello
]]></system-out>
  <system-err><![CDATA[]]></system-err>
</testsuite>
