<?xml version="1.0" encoding="UTF-8"?>
<testsuite name="com.password.store.server.utils.TestJSONFileReader" tests="1" skipped="0" failures="0" errors="0" timestamp="2022-10-03T08:55:20" hostname="PRATYAYZL" time="0.026">
  <properties/>
  <testcase name="checkProp()" classname="com.password.store.server.utils.TestJSONFileReader" time="0.026"/>
  <system-out><![CDATA[{"name":"Pratyay"}
]]></system-out>
  <system-err><![CDATA[]]></system-err>
</testsuite>
